2024-11-13 00:01:40 INFO  Utils:112 - [TestNG] Running:
  C:\Users\Ravin\git\Opencart\master.xml

2024-11-13 00:03:03 INFO  Utils:112 - [TestNG] Running:
  C:\Users\Ravin\git\Opencart\master.xml

2024-11-13 00:04:06 INFO  Utils:112 - [TestNG] Running:
  C:\Users\Ravin\git\Opencart\master.xml

2024-11-13 00:08:22 INFO  Utils:112 - [TestNG] Running:
  C:\Users\Ravin\git\Opencart\master.xml

2024-11-13 00:09:30 INFO  Utils:112 - [TestNG] Running:
  C:\Users\Ravin\git\Opencart\master.xml

2024-11-13 00:10:29 INFO  Utils:112 - [TestNG] Running:
  C:\Users\Ravin\git\Opencart\master.xml

2024-11-13 00:14:57 INFO  Utils:112 - [TestNG] Running:
  C:\Users\Ravin\git\Opencart\master.xml

2024-11-13 00:16:32 INFO  Utils:112 - [TestNG] Running:
  C:\Users\Ravin\git\Opencart\master.xml

2024-11-13 00:17:59 INFO  Utils:112 - [TestNG] Running:
  C:\Users\Ravin\git\Opencart\master.xml

2024-11-13 00:20:11 INFO  Utils:112 - [TestNG] Running:
  C:\Users\Ravin\git\Opencart\master.xml

2024-11-13 00:21:22 INFO  Utils:112 - [TestNG] Running:
  C:\Users\Ravin\git\Opencart\master.xml

2024-11-13 00:25:38 INFO  Utils:112 - [TestNG] Running:
  C:\Users\Ravin\git\Opencart\master.xml

2024-11-13 00:26:40 INFO  Utils:112 - [TestNG] Running:
  C:\Users\Ravin\git\Opencart\master.xml

2024-11-13 00:28:25 INFO  Utils:112 - [TestNG] Running:
  C:\Users\Ravin\git\Opencart\master.xml

2024-11-13 19:13:45 INFO  Utils:112 - [TestNG] Running:
  C:\Users\Ravin\git\Opencart\master.xml

2024-11-13 19:18:36 INFO  Utils:112 - [TestNG] Running:
  C:\Users\Ravin\git\Opencart\master.xml

2024-11-13 19:22:40 INFO  Utils:112 - [TestNG] Running:
  C:\Users\Ravin\git\Opencart\master.xml

2024-11-13 19:23:04 INFO  Utils:112 - [TestNG] Running:
  C:\Users\Ravin\git\Opencart\master.xml

2024-11-13 19:27:01 INFO  Utils:112 - [TestNG] Running:
  C:\Users\Ravin\git\Opencart\master.xml

2024-11-13 19:29:17 INFO  Utils:112 - [TestNG] Running:
  C:\Users\Ravin\git\Opencart\master.xml

2024-11-13 19:31:07 INFO  Utils:112 - [TestNG] Running:
  C:\Users\Ravin\git\Opencart\master.xml

2024-11-13 19:31:51 INFO  Utils:112 - [TestNG] Running:
  C:\Users\Ravin\git\Opencart\master.xml

2024-11-13 19:33:45 INFO  Utils:112 - [TestNG] Running:
  C:\Users\Ravin\git\Opencart\master.xml

2024-11-13 19:36:40 INFO  Utils:112 - [TestNG] Running:
  C:\Users\Ravin\git\Opencart\master.xml

2024-11-13 19:38:00 INFO  Utils:112 - [TestNG] Running:
  C:\Users\Ravin\git\Opencart\master.xml

2024-11-13 20:23:26 INFO  Utils:112 - [TestNG] Running:
  C:\Users\Ravin\git\Opencart\master.xml

2024-11-13 20:23:31 INFO  TC005_ToolTipTest:18 - ***** Starting TC005_ToolTipTest *****
2024-11-13 22:40:48 INFO  Utils:112 - [TestNG] Running:
  C:\Users\Ravin\git\Opencart\master.xml

2024-11-13 22:40:53 INFO  TC004_SearchTest:19 - ***** Starting TC004_Searchtest *****
2024-11-13 22:41:31 INFO  Utils:112 - [TestNG] Running:
  C:\Users\Ravin\git\Opencart\master.xml

2024-11-13 22:42:10 INFO  Utils:112 - [TestNG] Running:
  C:\Users\Ravin\git\Opencart\master.xml

2024-11-13 22:42:36 INFO  Utils:112 - [TestNG] Running:
  C:\Users\Ravin\git\Opencart\master.xml

2024-11-13 22:43:21 INFO  Utils:112 - [TestNG] Running:
  C:\Users\Ravin\git\Opencart\master.xml

2024-11-13 22:43:50 INFO  Utils:112 - [TestNG] Running:
  C:\Users\Ravin\git\Opencart\master.xml

2024-11-13 23:14:21 INFO  Utils:112 - [TestNG] Running:
  C:\Users\Ravin\git\Opencart\master.xml

2024-11-13 23:14:33 INFO  TC004_SearchTest:37 - ***** Starting TC004_Searchtest *****
2024-11-13 23:15:46 INFO  Utils:112 - [TestNG] Running:
  C:\Users\Ravin\git\Opencart\master.xml

2024-11-13 23:15:51 INFO  TC004_SearchTest:37 - ***** Starting TC004_Searchtest *****
2024-11-13 23:17:02 INFO  Utils:112 - [TestNG] Running:
  C:\Users\Ravin\git\Opencart\master.xml

2024-11-13 23:17:08 INFO  TC004_SearchTest:37 - ***** Starting TC004_Searchtest *****
2024-11-13 23:19:19 INFO  Utils:112 - [TestNG] Running:
  C:\Users\Ravin\git\Opencart\master.xml

2024-11-13 23:19:24 INFO  TC004_SearchTest:37 - ***** Starting TC004_Searchtest *****
2024-11-13 23:19:26 INFO  TC004_SearchTest:71 - ***** Ended TC004_Searchtest *****
2024-11-13 23:19:29 INFO  TC004_SearchTest:71 - ***** Ended TC004_Searchtest *****
2024-11-13 23:20:46 INFO  Utils:112 - [TestNG] Running:
  C:\Users\Ravin\git\Opencart\master.xml

2024-11-13 23:20:51 INFO  TC004_SearchTest:38 - ***** Starting TC004_Searchtest *****
2024-11-13 23:21:03 INFO  TC004_SearchTest:77 - ***** Ended TC004_Searchtest *****
2024-11-13 23:21:07 INFO  TC004_SearchTest:77 - ***** Ended TC004_Searchtest *****
2024-11-13 23:26:36 INFO  Utils:112 - [TestNG] Running:
  C:\Users\Ravin\git\Opencart\master.xml

2024-11-13 23:28:10 INFO  Utils:112 - [TestNG] Running:
  C:\Users\Ravin\git\Opencart\master.xml

2024-11-13 23:28:54 INFO  Utils:112 - [TestNG] Running:
  C:\Users\Ravin\git\Opencart\master.xml

